<?xml version="1.0" encoding="UTF-8"?>
<!-- Generated by org.testng.reporters.JUnitReportReporter -->
<testsuite skipped="0" hostname="MacBook-Pro" name="com.qa.crmpro.tests.ContactsPageTest" tests="5" failures="0" timestamp="2021-01-23T17:33:38 GMT" time="36.917" errors="0">
  <testcase name="createNewContactTest" time="6.859" classname="com.qa.crmpro.tests.ContactsPageTest"/>
  <system-out/>
  <testcase name="createNewContactTest" time="7.992" classname="com.qa.crmpro.tests.ContactsPageTest"/>
  <system-out/>
  <testcase name="createNewContactTest" time="7.070" classname="com.qa.crmpro.tests.ContactsPageTest"/>
  <system-out/>
  <testcase name="createNewContactTest" time="7.091" classname="com.qa.crmpro.tests.ContactsPageTest"/>
  <system-out/>
  <testcase name="createNewContactTest" time="7.905" classname="com.qa.crmpro.tests.ContactsPageTest"/>
  <system-out/>
</testsuite> <!-- com.qa.crmpro.tests.ContactsPageTest -->
